{
  "RSpec": {
    "coverage": {
      "/Users/fernand/work/projects/welltok/training/labs/brog/app/controllers/blog_posts_controller.rb": [
        1,
        1,
        null,
        1,
        13,
        null,
        null,
        1,
        3,
        null,
        null,
        1,
        null,
        null,
        1,
        3,
        null,
        3,
        3,
        4,
        2,
        null,
        2,
        1,
        null,
        null,
        null,
        null,
        1,
        3,
        3,
        4,
        2,
        null,
        2,
        1,
        null,
        null,
        null,
        null,
        1,
        2,
        2,
        4,
        2,
        null,
        null,
        null,
        1,
        null,
        null,
        1,
        8,
        null,
        null,
        null,
        1,
        6,
        null,
        null
      ],
      "/Users/fernand/work/projects/welltok/training/labs/brog/app/controllers/application_controller.rb": [
        1,
        null,
        null,
        1,
        null
      ],
      "/Users/fernand/work/projects/welltok/training/labs/brog/spec/controllers/comments_controller_spec.rb": [
        1,
        null,
        1,
        null,
        1,
        1,
        1,
        1,
        2,
        null,
        1,
        null,
        null
      ],
      "/Users/fernand/work/projects/welltok/training/labs/brog/app/controllers/comments_controller.rb": [
        1,
        1,
        3,
        null,
        3,
        3,
        4,
        2,
        null,
        1,
        2,
        null,
        null,
        null,
        null,
        1,
        null,
        1,
        3,
        null,
        null
      ],
      "/Users/fernand/work/projects/welltok/training/labs/brog/spec/controllers/welcome_controller_spec.rb": [
        1,
        null,
        1,
        1,
        1,
        null,
        1,
        null,
        null
      ],
      "/Users/fernand/work/projects/welltok/training/labs/brog/app/controllers/welcome_controller.rb": [
        1,
        1,
        null,
        null
      ],
      "/Users/fernand/work/projects/welltok/training/labs/brog/spec/features/articles_spec.rb": [
        1,
        null,
        1,
        null,
        1,
        1,
        null,
        1,
        null,
        1,
        null,
        null,
        1,
        6,
        null,
        1,
        1,
        null,
        1,
        1,
        1,
        1,
        null,
        1,
        null,
        null,
        1,
        1,
        null,
        1,
        1,
        null,
        1,
        null,
        null,
        1,
        1,
        1,
        null,
        1,
        1,
        1,
        null,
        1,
        null,
        null,
        1,
        1,
        1,
        null,
        1,
        1,
        1,
        null,
        1,
        null,
        null,
        1,
        1,
        1,
        null,
        1,
        null,
        1,
        null,
        null,
        null
      ],
      "/Users/fernand/work/projects/welltok/training/labs/brog/spec/features/comments_spec.rb": [
        1,
        null,
        1,
        3,
        null,
        1,
        1,
        1,
        null,
        1,
        1,
        1,
        null,
        1,
        null,
        1,
        null,
        null,
        null,
        1,
        1,
        1,
        null,
        1,
        1,
        null,
        1,
        null,
        null
      ],
      "/Users/fernand/work/projects/welltok/training/labs/brog/spec/features/welcome_spec.rb": [
        1,
        null,
        1,
        1,
        1,
        null,
        1,
        null,
        null
      ],
      "/Users/fernand/work/projects/welltok/training/labs/brog/spec/helpers/blog_posts_helper_spec.rb": [
        1,
        null,
        1,
        1,
        1,
        1,
        null,
        null,
        1,
        1,
        null,
        null,
        null
      ],
      "/Users/fernand/work/projects/welltok/training/labs/brog/spec/helpers/comments_helper_spec.rb": [
        1,
        null,
        1,
        1,
        1,
        1,
        null,
        null,
        null
      ],
      "/Users/fernand/work/projects/welltok/training/labs/brog/spec/models/blog_post_spec.rb": [
        1,
        null,
        1,
        null,
        1,
        2,
        null,
        null,
        null,
        1,
        2,
        2,
        null,
        null
      ],
      "/Users/fernand/work/projects/welltok/training/labs/brog/spec/models/comment_spec.rb": [
        1,
        null,
        1,
        1,
        2,
        null,
        null,
        1,
        2,
        null,
        null
      ],
      "/Users/fernand/work/projects/welltok/training/labs/brog/db/test_seeds.rb": [
        1,
        null,
        1,
        5,
        null
      ]
    },
    "timestamp": 1379135768
  }
}
